[2020-01-03 02:37:42] info: Server listening on port 8000
[2020-01-03 02:38:32] info: GET /robots.txt 200 6.068 ms - 140
[2020-01-03 02:38:33] info: GET /api/v1/users 401 1.950 ms - 139
[2020-01-03 02:38:49] info: GET /api/v1/users 401 2.037 ms - 139
[2020-01-03 02:38:52] info: GET /beer.jpg 200 1.337 ms - 140
[2020-01-03 02:38:52] info: GET /plant.jpg 200 1.757 ms - 140
[2020-01-03 02:38:52] info: GET /ego.jpg 200 2.200 ms - 140
[2020-01-03 02:38:52] info: GET /coast.jpg 200 2.524 ms - 140
[2020-01-03 02:38:52] info: GET /sunrise.jpg 200 2.792 ms - 140
[2020-01-03 02:38:52] info: GET /tree.jpg 200 3.278 ms - 140
[2020-01-03 02:38:52] info: GET /sluser.jpg 200 2.472 ms - 140
[2020-01-03 02:38:52] info: GET /chania.jpg 200 2.982 ms - 140
[2020-01-03 02:38:52] info: GET /legs.jpg 200 3.354 ms - 140
[2020-01-03 02:38:52] info: GET /building.jpg 200 4.241 ms - 140
[2020-01-03 02:38:52] info: GET /moss.jpg 200 5.804 ms - 140
[2020-01-03 02:38:52] info: GET /bird.jpg 200 6.128 ms - 140
[2020-01-03 02:38:52] info: GET /alexandria.jpg 200 1.903 ms - 140
[2020-01-03 02:38:52] info: GET /spiral.jpg 200 2.662 ms - 140
[2020-01-03 02:38:52] info: GET /56k.jpg 200 3.539 ms - 140
[2020-01-03 02:38:52] info: GET /jordan.jpg 200 3.842 ms - 140
[2020-01-03 02:38:52] info: GET /spices.jpg 200 5.001 ms - 140
[2020-01-03 02:38:52] info: GET /crete.jpg 200 5.698 ms - 140
[2020-01-03 02:38:52] info: GET /santorini.jpg 200 1.298 ms - 140
[2020-01-03 02:38:52] info: GET /android.jpg 200 1.641 ms - 140
[2020-01-03 02:38:52] info: GET /rabbit.jpg 200 1.578 ms - 140
[2020-01-03 02:38:52] info: GET /ce.jpg 200 1.792 ms - 140
[2020-01-03 02:38:52] info: GET /dragon.jpg 200 2.282 ms - 140
[2020-01-03 02:38:52] info: GET /parrot.jpg 200 2.712 ms - 140
[2020-01-03 02:38:52] info: GET /hovlandsdal.jpg 200 3.596 ms - 140
[2020-01-03 02:38:52] info: GET /tulum.jpg 200 3.948 ms - 140
[2020-01-03 02:38:52] info: GET /shells.jpg 200 1.140 ms - 140
[2020-01-03 02:38:52] info: GET /unicode.jpg 200 1.356 ms - 140
[2020-01-03 02:38:52] info: GET /beach.jpg 200 1.477 ms - 140
[2020-01-03 02:38:52] info: GET /meercat.jpg 200 1.525 ms - 140
[2020-01-03 02:38:52] info: GET /towers.jpg 200 1.974 ms - 140
[2020-01-03 02:38:52] info: GET /bridges.jpg 200 2.294 ms - 140
[2020-01-03 02:38:52] info: GET /paris.jpg 200 1.995 ms - 140
[2020-01-03 02:38:52] info: GET /red-panda.jpg 200 2.522 ms - 140
[2020-01-03 02:38:52] info: GET /sea.jpg 200 3.081 ms - 140
[2020-01-03 02:38:52] info: GET /rome.jpg 200 3.370 ms - 140
[2020-01-03 02:38:52] info: GET /keg.jpg 200 1.292 ms - 140
[2020-01-03 02:39:17] info: GET /beer.jpg 200 0.485 ms - 140
[2020-01-03 02:39:17] info: GET /plant.jpg 200 0.434 ms - 140
[2020-01-03 02:39:17] info: GET /ego.jpg 200 1.651 ms - 140
[2020-01-03 02:39:17] info: GET /coast.jpg 200 4.520 ms - 140
[2020-01-03 02:39:17] info: GET /sunrise.jpg 200 12.404 ms - 140
[2020-01-03 02:39:17] info: GET /tree.jpg 200 12.705 ms - 140
[2020-01-03 02:39:17] info: GET /sluser.jpg 200 21.926 ms - 140
[2020-01-03 02:39:17] info: GET /chania.jpg 200 4.657 ms - 140
[2020-01-03 02:39:17] info: GET /legs.jpg 200 0.796 ms - 140
[2020-01-03 02:39:17] info: GET /building.jpg 200 1.046 ms - 140
[2020-01-03 02:39:17] info: GET /moss.jpg 200 0.619 ms - 140
[2020-01-03 02:39:17] info: GET /bird.jpg 200 0.806 ms - 140
[2020-01-03 02:39:17] info: GET /alexandria.jpg 200 0.471 ms - 140
[2020-01-03 02:39:17] info: GET /spiral.jpg 200 0.582 ms - 140
[2020-01-03 02:39:17] info: GET /jordan.jpg 200 0.503 ms - 140
[2020-01-03 02:39:17] info: GET /56k.jpg 200 1.267 ms - 140
[2020-01-03 02:39:17] info: GET /spices.jpg 200 1.546 ms - 140
[2020-01-03 02:39:17] info: GET /crete.jpg 200 1.724 ms - 140
[2020-01-03 02:39:17] info: GET /santorini.jpg 200 0.507 ms - 140
[2020-01-03 02:39:17] info: GET /android.jpg 200 0.564 ms - 140
[2020-01-03 02:39:17] info: GET /rabbit.jpg 200 0.510 ms - 140
[2020-01-03 02:39:17] info: GET /ce.jpg 200 0.541 ms - 140
[2020-01-03 02:39:17] info: GET /dragon.jpg 200 0.540 ms - 140
[2020-01-03 02:39:17] info: GET /parrot.jpg 200 0.561 ms - 140
[2020-01-03 02:39:17] info: GET /hovlandsdal.jpg 200 0.545 ms - 140
[2020-01-03 02:39:17] info: GET /tulum.jpg 200 0.709 ms - 140
[2020-01-03 02:39:17] info: GET /shells.jpg 200 0.533 ms - 140
[2020-01-03 02:39:17] info: GET /unicode.jpg 200 0.746 ms - 140
[2020-01-03 02:39:17] info: GET /beach.jpg 200 0.522 ms - 140
[2020-01-03 02:39:17] info: GET /meercat.jpg 200 0.507 ms - 140
[2020-01-03 02:39:17] info: GET /towers.jpg 200 0.459 ms - 140
[2020-01-03 02:39:17] info: GET /bridges.jpg 200 2.145 ms - 140
[2020-01-03 02:39:17] info: GET /paris.jpg 200 2.415 ms - 140
[2020-01-03 02:39:17] info: GET /red-panda.jpg 200 2.568 ms - 140
[2020-01-03 02:39:17] info: GET /sea.jpg 200 2.680 ms - 140
[2020-01-03 02:39:17] info: GET /rome.jpg 200 2.908 ms - 140
[2020-01-03 02:39:17] info: GET /keg.jpg 200 3.108 ms - 140
[2020-01-03 02:39:50] info: GET /beer.jpg 200 0.746 ms - 140
[2020-01-03 02:39:50] info: GET /plant.jpg 200 1.039 ms - 140
[2020-01-03 02:39:50] info: GET /ego.jpg 200 0.471 ms - 140
[2020-01-03 02:39:50] info: GET /coast.jpg 200 0.759 ms - 140
[2020-01-03 02:39:50] info: GET /sunrise.jpg 200 1.433 ms - 140
[2020-01-03 02:39:50] info: GET /tree.jpg 200 1.608 ms - 140
[2020-01-03 02:39:50] info: GET /sluser.jpg 200 1.928 ms - 140
[2020-01-03 02:39:50] info: GET /chania.jpg 200 2.328 ms - 140
[2020-01-03 02:39:50] info: GET /legs.jpg 200 2.674 ms - 140
[2020-01-03 02:39:50] info: GET /building.jpg 200 2.041 ms - 140
[2020-01-03 02:39:50] info: GET /moss.jpg 200 2.324 ms - 140
[2020-01-03 02:39:50] info: GET /alexandria.jpg 200 2.525 ms - 140
[2020-01-03 02:39:50] info: GET /bird.jpg 200 4.147 ms - 140
[2020-01-03 02:39:50] info: GET /spiral.jpg 200 6.608 ms - 140
[2020-01-03 02:39:50] info: GET /jordan.jpg 200 6.883 ms - 140
[2020-01-03 02:39:50] info: GET /56k.jpg 200 2.538 ms - 140
[2020-01-03 02:39:50] info: GET /spices.jpg 200 3.412 ms - 140
[2020-01-03 02:39:50] info: GET /crete.jpg 200 7.625 ms - 140
[2020-01-03 02:39:50] info: GET /santorini.jpg 200 8.928 ms - 140
[2020-01-03 02:39:50] info: GET /rabbit.jpg 200 12.906 ms - 140
[2020-01-03 02:39:50] info: GET /android.jpg 200 15.277 ms - 140
[2020-01-03 02:39:50] info: GET /ce.jpg 200 1.152 ms - 140
[2020-01-03 02:39:50] info: GET /dragon.jpg 200 0.801 ms - 140
[2020-01-03 02:39:50] info: GET /parrot.jpg 200 1.991 ms - 140
[2020-01-03 02:39:50] info: GET /hovlandsdal.jpg 200 5.524 ms - 140
[2020-01-03 02:39:50] info: GET /tulum.jpg 200 7.373 ms - 140
[2020-01-03 02:39:50] info: GET /shells.jpg 200 8.253 ms - 140
[2020-01-03 02:39:50] info: GET /unicode.jpg 200 5.961 ms - 140
[2020-01-03 02:39:50] info: GET /beach.jpg 200 0.406 ms - 140
[2020-01-03 02:39:50] info: GET /meercat.jpg 200 0.574 ms - 140
[2020-01-03 02:39:50] info: GET /red-panda.jpg 200 4.675 ms - 140
[2020-01-03 02:39:50] info: GET /paris.jpg 200 5.393 ms - 140
[2020-01-03 02:39:50] info: GET /bridges.jpg 200 3.216 ms - 140
[2020-01-03 02:39:50] info: GET /towers.jpg 200 3.317 ms - 140
[2020-01-03 02:39:50] info: GET /sea.jpg 200 6.173 ms - 140
[2020-01-03 02:39:50] info: GET /rome.jpg 200 0.987 ms - 140
[2020-01-03 02:39:50] info: GET /keg.jpg 200 0.593 ms - 140
[2020-01-03 02:56:49] info: GET /beer.jpg 200 2.652 ms - 140
[2020-01-03 02:56:49] info: GET /plant.jpg 200 3.172 ms - 140
[2020-01-03 02:56:49] info: GET /ego.jpg 200 3.509 ms - 140
[2020-01-03 02:56:49] info: GET /coast.jpg 200 3.713 ms - 140
[2020-01-03 02:56:49] info: GET /sunrise.jpg 200 4.071 ms - 140
[2020-01-03 02:56:49] info: GET /tree.jpg 200 3.427 ms - 140
[2020-01-03 02:56:49] info: GET /sluser.jpg 200 2.101 ms - 140
[2020-01-03 02:56:49] info: GET /chania.jpg 200 2.476 ms - 140
[2020-01-03 02:56:49] info: GET /legs.jpg 200 2.760 ms - 140
[2020-01-03 02:56:49] info: GET /building.jpg 200 2.981 ms - 140
[2020-01-03 02:56:49] info: GET /moss.jpg 200 3.195 ms - 140
[2020-01-03 02:56:49] info: GET /bird.jpg 200 3.406 ms - 140
[2020-01-03 02:56:49] info: GET /alexandria.jpg 200 0.480 ms - 140
[2020-01-03 02:56:49] info: GET /spiral.jpg 200 0.489 ms - 140
[2020-01-03 02:56:49] info: GET /jordan.jpg 200 1.279 ms - 140
[2020-01-03 02:56:49] info: GET /56k.jpg 200 0.522 ms - 140
[2020-01-03 02:56:49] info: GET /spices.jpg 200 0.940 ms - 140
[2020-01-03 02:56:49] info: GET /crete.jpg 200 2.553 ms - 140
[2020-01-03 02:56:49] info: GET /santorini.jpg 200 0.988 ms - 140
[2020-01-03 02:56:49] info: GET /android.jpg 200 0.431 ms - 140
[2020-01-03 02:56:49] info: GET /rabbit.jpg 200 0.560 ms - 140
[2020-01-03 02:56:49] info: GET /ce.jpg 200 0.511 ms - 140
[2020-01-03 02:56:49] info: GET /dragon.jpg 200 0.476 ms - 140
[2020-01-03 02:56:49] info: GET /parrot.jpg 200 0.671 ms - 140
[2020-01-03 02:56:49] info: GET /hovlandsdal.jpg 200 0.669 ms - 140
[2020-01-03 02:56:49] info: GET /tulum.jpg 200 1.269 ms - 140
[2020-01-03 02:56:49] info: GET /shells.jpg 200 3.008 ms - 140
[2020-01-03 02:56:49] info: GET /unicode.jpg 200 1.256 ms - 140
[2020-01-03 02:56:49] info: GET /beach.jpg 200 1.146 ms - 140
[2020-01-03 02:56:49] info: GET /meercat.jpg 200 0.599 ms - 140
[2020-01-03 02:56:49] info: GET /towers.jpg 200 0.549 ms - 140
[2020-01-03 02:56:49] info: GET /bridges.jpg 200 2.338 ms - 140
[2020-01-03 02:56:49] info: GET /paris.jpg 200 2.898 ms - 140
[2020-01-03 02:56:49] info: GET /red-panda.jpg 200 0.550 ms - 140
[2020-01-03 02:56:49] info: GET /sea.jpg 200 0.584 ms - 140
[2020-01-03 02:56:49] info: GET /rome.jpg 200 1.116 ms - 140
[2020-01-03 02:56:49] info: GET /keg.jpg 200 0.524 ms - 140
[2020-01-03 02:56:57] info: GET /beer.jpg 200 0.753 ms - 140
[2020-01-03 02:56:57] info: GET /plant.jpg 200 0.872 ms - 140
[2020-01-03 02:56:57] info: GET /ego.jpg 200 3.636 ms - 140
[2020-01-03 02:56:57] info: GET /coast.jpg 200 8.449 ms - 140
[2020-01-03 02:56:57] info: GET /sunrise.jpg 200 9.221 ms - 140
[2020-01-03 02:56:57] info: GET /tree.jpg 200 9.050 ms - 140
[2020-01-03 02:56:57] info: GET /sluser.jpg 200 8.964 ms - 140
[2020-01-03 02:56:57] info: GET /chania.jpg 200 10.721 ms - 140
[2020-01-03 02:56:57] info: GET /legs.jpg 200 0.540 ms - 140
[2020-01-03 02:56:57] info: GET /building.jpg 200 0.599 ms - 140
[2020-01-03 02:56:57] info: GET /moss.jpg 200 0.533 ms - 140
[2020-01-03 02:56:57] info: GET /bird.jpg 200 0.479 ms - 140
[2020-01-03 02:56:57] info: GET /alexandria.jpg 200 0.636 ms - 140
[2020-01-03 02:56:57] info: GET /spiral.jpg 200 1.262 ms - 140
[2020-01-03 02:56:57] info: GET /jordan.jpg 200 0.605 ms - 140
[2020-01-03 02:56:57] info: GET /56k.jpg 200 6.317 ms - 140
[2020-01-03 02:56:57] info: GET /spices.jpg 200 11.838 ms - 140
[2020-01-03 02:56:57] info: GET /crete.jpg 200 12.264 ms - 140
[2020-01-03 02:56:57] info: GET /santorini.jpg 200 12.485 ms - 140
[2020-01-03 02:56:57] info: GET /android.jpg 200 3.271 ms - 140
[2020-01-03 02:56:57] info: GET /rabbit.jpg 200 10.403 ms - 140
[2020-01-03 02:56:57] info: GET /ce.jpg 200 1.417 ms - 140
[2020-01-03 02:56:57] info: GET /dragon.jpg 200 2.219 ms - 140
[2020-01-03 02:56:57] info: GET /parrot.jpg 200 3.106 ms - 140
[2020-01-03 02:56:57] info: GET /hovlandsdal.jpg 200 5.667 ms - 140
[2020-01-03 02:56:57] info: GET /tulum.jpg 200 1.372 ms - 140
[2020-01-03 02:56:57] info: GET /shells.jpg 200 1.825 ms - 140
[2020-01-03 02:56:57] info: GET /unicode.jpg 200 0.546 ms - 140
[2020-01-03 02:56:57] info: GET /beach.jpg 200 3.212 ms - 140
[2020-01-03 02:56:57] info: GET /meercat.jpg 200 3.540 ms - 140
[2020-01-03 02:56:57] info: GET /towers.jpg 200 5.904 ms - 140
[2020-01-03 02:56:57] info: GET /bridges.jpg 200 6.329 ms - 140
[2020-01-03 02:56:57] info: GET /paris.jpg 200 7.408 ms - 140
[2020-01-03 02:56:57] info: GET /red-panda.jpg 200 5.505 ms - 140
[2020-01-03 02:56:57] info: GET /sea.jpg 200 5.622 ms - 140
[2020-01-03 02:56:57] info: GET /rome.jpg 200 5.845 ms - 140
[2020-01-03 02:56:57] info: GET /keg.jpg 200 8.092 ms - 140
[2020-01-03 02:57:10] info: GET /beer.jpg 200 0.812 ms - 140
[2020-01-03 02:57:10] info: GET /plant.jpg 200 4.787 ms - 140
[2020-01-03 02:57:10] info: GET /ego.jpg 200 0.444 ms - 140
[2020-01-03 02:57:10] info: GET /coast.jpg 200 0.447 ms - 140
[2020-01-03 02:57:10] info: GET /sunrise.jpg 200 0.454 ms - 140
[2020-01-03 02:57:10] info: GET /tree.jpg 200 0.426 ms - 140
[2020-01-03 02:57:10] info: GET /sluser.jpg 200 2.986 ms - 140
[2020-01-03 02:57:10] info: GET /chania.jpg 200 2.395 ms - 140
[2020-01-03 02:57:10] info: GET /legs.jpg 200 2.604 ms - 140
[2020-01-03 02:57:10] info: GET /building.jpg 200 2.748 ms - 140
[2020-01-03 02:57:10] info: GET /moss.jpg 200 2.881 ms - 140
[2020-01-03 02:57:10] info: GET /bird.jpg 200 3.186 ms - 140
[2020-01-03 02:57:10] info: GET /alexandria.jpg 200 4.844 ms - 140
[2020-01-03 02:57:10] info: GET /spiral.jpg 200 1.785 ms - 140
[2020-01-03 02:57:10] info: GET /jordan.jpg 200 2.006 ms - 140
[2020-01-03 02:57:10] info: GET /56k.jpg 200 0.561 ms - 140
[2020-01-03 02:57:10] info: GET /spices.jpg 200 2.076 ms - 140
[2020-01-03 02:57:10] info: GET /crete.jpg 200 1.937 ms - 140
[2020-01-03 02:57:10] info: GET /santorini.jpg 200 1.232 ms - 140
[2020-01-03 02:57:10] info: GET /android.jpg 200 1.420 ms - 140
[2020-01-03 02:57:10] info: GET /rabbit.jpg 200 1.495 ms - 140
[2020-01-03 02:57:10] info: GET /ce.jpg 200 1.548 ms - 140
[2020-01-03 02:57:10] info: GET /dragon.jpg 200 1.718 ms - 140
[2020-01-03 02:57:10] info: GET /parrot.jpg 200 1.975 ms - 140
[2020-01-03 02:57:10] info: GET /hovlandsdal.jpg 200 2.124 ms - 140
[2020-01-03 02:57:10] info: GET /tulum.jpg 200 2.302 ms - 140
[2020-01-03 02:57:10] info: GET /shells.jpg 200 2.463 ms - 140
[2020-01-03 02:57:10] info: GET /unicode.jpg 200 2.757 ms - 140
[2020-01-03 02:57:10] info: GET /beach.jpg 200 3.730 ms - 140
[2020-01-03 02:57:10] info: GET /meercat.jpg 200 3.579 ms - 140
[2020-01-03 02:57:10] info: GET /towers.jpg 200 3.725 ms - 140
[2020-01-03 02:57:10] info: GET /bridges.jpg 200 4.043 ms - 140
[2020-01-03 02:57:10] info: GET /paris.jpg 200 4.499 ms - 140
[2020-01-03 02:57:10] info: GET /red-panda.jpg 200 5.281 ms - 140
[2020-01-03 02:57:10] info: GET /sea.jpg 200 0.990 ms - 140
[2020-01-03 02:57:10] info: GET /rome.jpg 200 1.465 ms - 140
[2020-01-03 02:57:10] info: GET /keg.jpg 200 2.103 ms - 140
[2020-01-03 02:57:36] info: GET /beer.jpg 304 0.961 ms - -
[2020-01-03 02:57:36] info: GET /plant.jpg 304 0.355 ms - -
[2020-01-03 02:57:36] info: GET /coast.jpg 304 0.560 ms - -
[2020-01-03 02:57:36] info: GET /ego.jpg 304 0.814 ms - -
[2020-01-03 02:57:36] info: GET /sunrise.jpg 304 0.329 ms - -
[2020-01-03 02:57:36] info: GET /tree.jpg 304 0.266 ms - -
[2020-01-03 02:57:36] info: GET /sluser.jpg 304 0.659 ms - -
[2020-01-03 02:57:36] info: GET /chania.jpg 304 1.128 ms - -
[2020-01-03 02:57:36] info: GET /legs.jpg 304 1.320 ms - -
[2020-01-03 02:57:36] info: GET /building.jpg 304 0.481 ms - -
[2020-01-03 02:57:36] info: GET /santorini.jpg 304 0.722 ms - -
[2020-01-03 02:57:36] info: GET /meercat.jpg 304 3.158 ms - -
[2020-01-03 02:57:36] info: GET /paris.jpg 304 2.417 ms - -
[2020-01-03 02:57:36] info: GET /bridges.jpg 304 4.298 ms - -
[2020-01-03 02:57:36] info: GET /unicode.jpg 304 5.161 ms - -
[2020-01-03 02:57:36] info: GET /beach.jpg 304 5.659 ms - -
[2020-01-03 02:57:36] info: GET /ce.jpg 304 0.880 ms - -
[2020-01-03 02:57:36] info: GET /towers.jpg 304 1.740 ms - -
[2020-01-03 02:57:36] info: GET /rabbit.jpg 304 1.739 ms - -
[2020-01-03 02:57:36] info: GET /dragon.jpg 304 1.644 ms - -
[2020-01-03 02:57:36] info: GET /parrot.jpg 304 1.681 ms - -
[2020-01-03 02:57:36] info: GET /android.jpg 304 1.901 ms - -
[2020-01-03 02:57:36] info: GET /spices.jpg 304 0.375 ms - -
[2020-01-03 02:57:36] info: GET /moss.jpg 304 2.169 ms - -
[2020-01-03 02:57:36] info: GET /56k.jpg 304 1.921 ms - -
[2020-01-03 02:57:36] info: GET /tulum.jpg 304 2.091 ms - -
[2020-01-03 02:57:36] info: GET /red-panda.jpg 304 1.874 ms - -
[2020-01-03 02:57:36] info: GET /hovlandsdal.jpg 304 2.819 ms - -
[2020-01-03 02:57:36] info: GET /crete.jpg 304 3.878 ms - -
[2020-01-03 02:57:36] info: GET /jordan.jpg 304 1.054 ms - -
[2020-01-03 02:57:36] info: GET /keg.jpg 304 1.175 ms - -
[2020-01-03 02:57:36] info: GET /sea.jpg 304 1.290 ms - -
[2020-01-03 02:57:36] info: GET /bird.jpg 304 1.373 ms - -
[2020-01-03 02:57:36] info: GET /spiral.jpg 304 0.504 ms - -
[2020-01-03 02:57:36] info: GET /alexandria.jpg 304 0.895 ms - -
[2020-01-03 02:57:36] info: GET /shells.jpg 304 0.465 ms - -
[2020-01-03 02:57:36] info: GET /rome.jpg 304 0.677 ms - -
[2020-01-03 02:58:51] info: GET /beer.jpg 304 1.194 ms - -
[2020-01-03 02:58:51] info: GET /plant.jpg 304 1.427 ms - -
[2020-01-03 02:58:51] info: GET /ego.jpg 304 1.618 ms - -
[2020-01-03 02:58:51] info: GET /coast.jpg 304 1.743 ms - -
[2020-01-03 02:58:51] info: GET /sunrise.jpg 304 1.891 ms - -
[2020-01-03 02:58:51] info: GET /tree.jpg 304 1.999 ms - -
[2020-01-03 02:58:51] info: GET /sluser.jpg 304 1.803 ms - -
[2020-01-03 02:58:51] info: GET /chania.jpg 304 2.201 ms - -
[2020-01-03 02:58:51] info: GET /legs.jpg 304 2.358 ms - -
[2020-01-03 02:58:51] info: GET /building.jpg 304 2.164 ms - -
[2020-01-03 02:58:51] info: GET /moss.jpg 304 2.192 ms - -
[2020-01-03 02:58:51] info: GET /bird.jpg 304 2.479 ms - -
[2020-01-03 02:58:51] info: GET /alexandria.jpg 304 1.171 ms - -
[2020-01-03 02:58:51] info: GET /spiral.jpg 304 1.407 ms - -
[2020-01-03 02:58:51] info: GET /jordan.jpg 304 2.227 ms - -
[2020-01-03 02:58:51] info: GET /56k.jpg 304 4.873 ms - -
[2020-01-03 02:58:51] info: GET /spices.jpg 304 3.096 ms - -
[2020-01-03 02:58:51] info: GET /crete.jpg 304 2.495 ms - -
[2020-01-03 02:58:51] info: GET /santorini.jpg 304 1.280 ms - -
[2020-01-03 02:58:51] info: GET /android.jpg 304 3.010 ms - -
[2020-01-03 02:58:51] info: GET /rabbit.jpg 304 3.730 ms - -
[2020-01-03 02:58:51] info: GET /ce.jpg 304 3.961 ms - -
[2020-01-03 02:58:51] info: GET /dragon.jpg 304 4.132 ms - -
[2020-01-03 02:58:51] info: GET /parrot.jpg 304 4.506 ms - -
[2020-01-03 02:58:51] info: GET /hovlandsdal.jpg 304 1.011 ms - -
[2020-01-03 02:58:51] info: GET /tulum.jpg 304 1.226 ms - -
[2020-01-03 02:58:51] info: GET /shells.jpg 304 1.937 ms - -
[2020-01-03 02:58:51] info: GET /unicode.jpg 304 2.189 ms - -
[2020-01-03 02:58:51] info: GET /beach.jpg 304 2.320 ms - -
[2020-01-03 02:58:51] info: GET /meercat.jpg 304 0.519 ms - -
[2020-01-03 02:58:51] info: GET /towers.jpg 304 1.142 ms - -
[2020-01-03 02:58:51] info: GET /bridges.jpg 304 1.331 ms - -
[2020-01-03 02:58:51] info: GET /paris.jpg 304 2.405 ms - -
[2020-01-03 02:58:51] info: GET /red-panda.jpg 304 2.738 ms - -
[2020-01-03 02:58:51] info: GET /sea.jpg 304 2.918 ms - -
[2020-01-03 02:58:51] info: GET /rome.jpg 304 3.047 ms - -
[2020-01-03 02:58:51] info: GET /keg.jpg 304 0.275 ms - -
[2020-01-03 02:58:52] info: GET /beer.jpg 304 0.658 ms - -
[2020-01-03 02:58:52] info: GET /ego.jpg 304 0.899 ms - -
[2020-01-03 02:58:52] info: GET /plant.jpg 304 1.114 ms - -
[2020-01-03 02:58:52] info: GET /sunrise.jpg 304 1.093 ms - -
[2020-01-03 02:58:52] info: GET /coast.jpg 304 1.671 ms - -
[2020-01-03 02:58:52] info: GET /tree.jpg 304 0.326 ms - -
[2020-01-03 02:58:52] info: GET /sluser.jpg 304 0.285 ms - -
[2020-01-03 02:58:52] info: GET /moss.jpg 304 1.120 ms - -
[2020-01-03 02:58:52] info: GET /building.jpg 304 1.984 ms - -
[2020-01-03 02:58:52] info: GET /legs.jpg 304 2.175 ms - -
[2020-01-03 02:58:52] info: GET /chania.jpg 304 2.286 ms - -
[2020-01-03 02:58:52] info: GET /bird.jpg 304 2.620 ms - -
[2020-01-03 02:58:52] info: GET /alexandria.jpg 304 4.381 ms - -
[2020-01-03 02:58:52] info: GET /spiral.jpg 304 4.050 ms - -
[2020-01-03 02:58:52] info: GET /jordan.jpg 304 4.239 ms - -
[2020-01-03 02:58:52] info: GET /56k.jpg 304 5.973 ms - -
[2020-01-03 02:58:52] info: GET /spices.jpg 304 6.252 ms - -
[2020-01-03 02:58:52] info: GET /crete.jpg 304 9.853 ms - -
[2020-01-03 02:58:52] info: GET /santorini.jpg 304 2.814 ms - -
[2020-01-03 02:58:52] info: GET /android.jpg 304 3.259 ms - -
[2020-01-03 02:58:52] info: GET /rabbit.jpg 304 3.525 ms - -
[2020-01-03 02:58:52] info: GET /ce.jpg 304 3.626 ms - -
[2020-01-03 02:58:52] info: GET /dragon.jpg 304 3.655 ms - -
[2020-01-03 02:58:52] info: GET /parrot.jpg 304 3.531 ms - -
[2020-01-03 02:58:52] info: GET /hovlandsdal.jpg 304 1.087 ms - -
[2020-01-03 02:58:52] info: GET /tulum.jpg 304 2.331 ms - -
[2020-01-03 02:58:52] info: GET /shells.jpg 304 2.666 ms - -
[2020-01-03 02:58:52] info: GET /unicode.jpg 304 2.887 ms - -
[2020-01-03 02:58:52] info: GET /beach.jpg 304 3.081 ms - -
[2020-01-03 02:58:52] info: GET /meercat.jpg 304 3.301 ms - -
[2020-01-03 02:58:52] info: GET /towers.jpg 304 1.177 ms - -
[2020-01-03 02:58:52] info: GET /bridges.jpg 304 2.965 ms - -
[2020-01-03 02:58:52] info: GET /paris.jpg 304 3.566 ms - -
[2020-01-03 02:58:52] info: GET /red-panda.jpg 304 4.414 ms - -
[2020-01-03 02:58:52] info: GET /sea.jpg 304 21.471 ms - -
[2020-01-03 02:58:52] info: GET /rome.jpg 304 21.970 ms - -
[2020-01-03 02:58:52] info: GET /keg.jpg 304 0.284 ms - -
[2020-01-03 03:10:54] info: GET /api/v1/users 401 0.356 ms - 139
[2020-01-03 03:11:30] info: POST /api/v1/auth/login 200 129.402 ms - 283
[2020-01-03 03:11:30] info: GET /api/v1/users 200 11.245 ms - 5998
[2020-01-03 07:48:25] info: GET /api/v1/users 200 4.742 ms - 5998
[2020-01-03 07:48:37] info: GET /api/v1/users 200 5.662 ms - 5998
[2020-01-03 08:31:56] info: GET /api/v1/users 200 2.643 ms - 5998
[2020-01-03 08:58:07] info: GET /api/v1/users 200 2.127 ms - 5998
[2020-01-03 08:58:10] info: GET /beer.jpg 200 1.164 ms - 140
[2020-01-03 08:58:10] info: GET /plant.jpg 200 0.551 ms - 140
[2020-01-03 08:58:10] info: GET /ego.jpg 200 0.442 ms - 140
[2020-01-03 08:58:10] info: GET /coast.jpg 200 0.720 ms - 140
[2020-01-03 08:58:10] info: GET /sunrise.jpg 200 1.674 ms - 140
[2020-01-03 08:58:10] info: GET /tree.jpg 200 1.765 ms - 140
[2020-01-03 08:58:10] info: GET /sluser.jpg 200 1.744 ms - 140
[2020-01-03 08:58:10] info: GET /chania.jpg 200 2.007 ms - 140
[2020-01-03 08:58:10] info: GET /legs.jpg 200 2.104 ms - 140
[2020-01-03 08:58:10] info: GET /building.jpg 200 3.285 ms - 140
[2020-01-03 08:58:11] info: GET /moss.jpg 200 2.495 ms - 140
[2020-01-03 08:58:11] info: GET /bird.jpg 200 2.722 ms - 140
[2020-01-03 08:58:11] info: GET /alexandria.jpg 200 2.961 ms - 140
[2020-01-03 08:58:11] info: GET /spiral.jpg 200 3.105 ms - 140
[2020-01-03 08:58:11] info: GET /jordan.jpg 200 3.204 ms - 140
[2020-01-03 08:58:11] info: GET /56k.jpg 200 3.284 ms - 140
[2020-01-03 08:58:11] info: GET /spices.jpg 200 1.592 ms - 140
[2020-01-03 08:58:11] info: GET /crete.jpg 200 1.817 ms - 140
[2020-01-03 08:58:11] info: GET /santorini.jpg 200 1.943 ms - 140
[2020-01-03 08:58:11] info: GET /android.jpg 200 2.611 ms - 140
[2020-01-03 08:58:11] info: GET /rabbit.jpg 200 2.837 ms - 140
[2020-01-03 08:58:11] info: GET /ce.jpg 200 3.154 ms - 140
[2020-01-03 08:58:11] info: GET /dragon.jpg 200 1.857 ms - 140
[2020-01-03 08:58:11] info: GET /parrot.jpg 200 1.984 ms - 140
[2020-01-03 08:58:11] info: GET /tulum.jpg 200 1.944 ms - 140
[2020-01-03 08:58:11] info: GET /hovlandsdal.jpg 200 2.412 ms - 140
[2020-01-03 08:58:11] info: GET /shells.jpg 200 2.393 ms - 140
[2020-01-03 08:58:11] info: GET /unicode.jpg 200 2.516 ms - 140
[2020-01-03 08:58:11] info: GET /beach.jpg 200 2.290 ms - 140
[2020-01-03 08:58:11] info: GET /meercat.jpg 200 3.325 ms - 140
[2020-01-03 08:58:11] info: GET /towers.jpg 200 5.397 ms - 140
[2020-01-03 08:58:11] info: GET /bridges.jpg 200 6.366 ms - 140
[2020-01-03 08:58:11] info: GET /paris.jpg 200 6.821 ms - 140
[2020-01-03 08:58:11] info: GET /red-panda.jpg 200 13.489 ms - 140
[2020-01-03 08:58:11] info: GET /rome.jpg 200 4.293 ms - 140
[2020-01-03 08:58:11] info: GET /sea.jpg 200 4.776 ms - 140
[2020-01-03 08:58:11] info: GET /keg.jpg 200 1.660 ms - 140
[2020-01-03 08:58:40] info: GET /api/v1/users 200 2.685 ms - 5998
[2020-01-03 08:58:50] info: GET /api/v1/users 200 9.919 ms - 5998
